[2021-05-14 14:19:04.592] [sharedprocess] [info] Deleted from disk ms-vscode-remote.remote-containers /Users/np11/.vscode/extensions/ms-vscode-remote.remote-containers-0.166.1
[2021-05-14 14:19:44.217] [sharedprocess] [info] Starting to clean up unused language packs.
[2021-05-14 14:25:03.142] [sharedprocess] [info] Detected extension installed from another source yummygum.city-lights-theme
[2021-05-14 14:27:42.859] [sharedprocess] [info] Detected extension installed from another source equinusocio.vsc-community-material-theme
[2021-05-14 15:04:55.978] [sharedprocess] [info] Installing extension: usernamehw.errorlens
[2021-05-14 15:04:56.391] [sharedprocess] [info] Downloaded extension: usernamehw.errorlens /Users/np11/code_profiles/kcalcount/data/Users/np11/code_profiles/lex-on/data/CachedExtensionVSIXs/usernamehw.errorlens-3.2.6
[2021-05-14 15:04:56.442] [sharedprocess] [info] Extracted extension to /Users/np11/.vscode/extensions/.c0d432ba-ccc2-46b3-9f7c-1f7c2d1d5608: usernamehw.errorlens
[2021-05-14 15:04:56.471] [sharedprocess] [info] Renamed to /Users/np11/.vscode/extensions/usernamehw.errorlens-3.2.6
[2021-05-14 15:04:56.472] [sharedprocess] [info] Installation completed. usernamehw.errorlens
[2021-05-14 15:04:56.504] [sharedprocess] [info] Extensions installed successfully: usernamehw.errorlens
[2021-05-14 15:13:13.969] [sharedprocess] [info] Detected extension removed from another source coenraads.bracket-pair-colorizer
[2021-05-14 15:13:17.919] [sharedprocess] [info] Detected extension installed from another source coenraads.bracket-pair-colorizer-2
[2021-05-15 00:46:10.782] [sharedprocess] [warning] No ptyHost heartbeat after 6 seconds
[2021-05-15 01:17:13.840] [sharedprocess] [warning] No ptyHost heartbeat after 6 seconds
[2021-05-15 04:47:08.947] [sharedprocess] [warning] No ptyHost heartbeat after 6 seconds
[2021-05-16 13:48:28.648] [sharedprocess] [warning] No ptyHost heartbeat after 6 seconds
[2021-05-16 13:56:59.518] [sharedprocess] [info] Detected extension installed from another source johnsoncodehk.volar
[2021-05-16 22:56:29.559] [sharedprocess] [warning] No ptyHost heartbeat after 6 seconds
[2021-05-16 23:51:05.128] [sharedprocess] [warning] No ptyHost heartbeat after 6 seconds
[2021-05-17 12:29:17.819] [sharedprocess] [warning] No ptyHost heartbeat after 6 seconds
[2021-05-17 12:45:08.976] [sharedprocess] [warning] No ptyHost heartbeat after 6 seconds
[2021-05-17 16:30:15.569] [sharedprocess] [warning] No ptyHost heartbeat after 6 seconds
[2021-05-17 18:30:39.312] [sharedprocess] [warning] No ptyHost heartbeat after 6 seconds
[2021-05-17 19:57:14.773] [sharedprocess] [warning] No ptyHost heartbeat after 6 seconds
[2021-05-17 21:38:21.706] [sharedprocess] [warning] No ptyHost heartbeat after 6 seconds
