Looking for git in: /usr/bin/git
Using git 2.21.0 (Apple Git-122) from /usr/bin/git
Opening repository for path='/Users/np11/www/kcalcount' failed; ex=Failed to execute git {
  "exitCode": 128,
  "gitErrorCode": "NotAGitRepository",
  "gitCommand": "rev-parse",
  "stdout": "",
  "stderr": "fatal: not a git repository (or any of the parent directories): .git\n"
}
Opening repository for path='/Users/np11/www/kcalcount/.DS_Store' failed; ex=spawn /usr/bin/git ENOENT {
  "gitErrorCode": "NotAGitRepository"
}Error: spawn /usr/bin/git ENOENT
	at Process.ChildProcess._handle.onexit (internal/child_process.js:269:19)
	at onErrorNT (internal/child_process.js:465:16)
	at processTicksAndRejections (internal/process/task_queues.js:80:21)
Opening repository for path='/Users/np11/www/kcalcount/README.md' failed; ex=spawn /usr/bin/git ENOENT {
  "gitErrorCode": "NotAGitRepository"
}Error: spawn /usr/bin/git ENOENT
	at Process.ChildProcess._handle.onexit (internal/child_process.js:269:19)
	at onErrorNT (internal/child_process.js:465:16)
	at processTicksAndRejections (internal/process/task_queues.js:80:21)
Opening repository for path='/Users/np11/www/kcalcount/client' failed; ex=Failed to execute git {
  "exitCode": 128,
  "gitErrorCode": "NotAGitRepository",
  "gitCommand": "rev-parse",
  "stdout": "",
  "stderr": "fatal: not a git repository (or any of the parent directories): .git\n"
}
Opening repository for path='/Users/np11/www/kcalcount/user' failed; ex=Failed to execute git {
  "exitCode": 128,
  "gitErrorCode": "NotAGitRepository",
  "gitCommand": "rev-parse",
  "stdout": "",
  "stderr": "fatal: not a git repository (or any of the parent directories): .git\n"
}
Opening repository for path='/Users/np11/www/kcalcount/vetur.config.js' failed; ex=spawn /usr/bin/git ENOENT {
  "gitErrorCode": "NotAGitRepository"
}Error: spawn /usr/bin/git ENOENT
	at Process.ChildProcess._handle.onexit (internal/child_process.js:269:19)
	at onErrorNT (internal/child_process.js:465:16)
	at processTicksAndRejections (internal/process/task_queues.js:80:21)
Opening repository for path='/Users/np11/www/kcalcount/client' failed; ex=Failed to execute git {
  "exitCode": 128,
  "gitErrorCode": "NotAGitRepository",
  "gitCommand": "rev-parse",
  "stdout": "",
  "stderr": "fatal: not a git repository (or any of the parent directories): .git\n"
}
Opening repository for path='/Users/np11/www/kcalcount/client' failed; ex=Failed to execute git {
  "exitCode": 128,
  "gitErrorCode": "NotAGitRepository",
  "gitCommand": "rev-parse",
  "stdout": "",
  "stderr": "fatal: not a git repository (or any of the parent directories): .git\n"
}
Opening repository for path='/Users/np11/www/kcalcount/client' failed; ex=Failed to execute git {
  "exitCode": 128,
  "gitErrorCode": "NotAGitRepository",
  "gitCommand": "rev-parse",
  "stdout": "",
  "stderr": "fatal: not a git repository (or any of the parent directories): .git\n"
}
Opening repository for path='/Users/np11/www/kcalcount/client/app/src' failed; ex=Failed to execute git {
  "exitCode": 128,
  "gitErrorCode": "NotAGitRepository",
  "gitCommand": "rev-parse",
  "stdout": "",
  "stderr": "fatal: not a git repository (or any of the parent directories): .git\n"
}
Opening repository for path='/Users/np11/www/kcalcount' failed; ex=Failed to execute git {
  "exitCode": 128,
  "gitErrorCode": "NotAGitRepository",
  "gitCommand": "rev-parse",
  "stdout": "",
  "stderr": "fatal: not a git repository (or any of the parent directories): .git\n"
}
Opening repository for path='/Users/np11/www/kcalcount' failed; ex=Failed to execute git {
  "exitCode": 128,
  "gitErrorCode": "NotAGitRepository",
  "gitCommand": "rev-parse",
  "stdout": "",
  "stderr": "fatal: not a git repository (or any of the parent directories): .git\n"
}
