[2021-05-16 14:00:58.813] [exthost] [info] extension host started
[2021-05-16 14:00:58.844] [exthost] [info] ExtensionService#_doActivateExtension vscode.microsoft-authentication {"startup":false,"extensionId":{"value":"vscode.microsoft-authentication","_lower":"vscode.microsoft-authentication"},"activationEvent":"onAuthenticationRequest:microsoft"}
[2021-05-16 14:00:58.844] [exthost] [info] ExtensionService#loadCommonJSModule file:///Applications/Visual Studio Code.app/Contents/Resources/app/extensions/microsoft-authentication/dist/extension.js
[2021-05-16 14:00:58.851] [exthost] [info] ExtensionService#_doActivateExtension vscode.debug-auto-launch {"startup":true,"extensionId":{"value":"vscode.debug-auto-launch","_lower":"vscode.debug-auto-launch"},"activationEvent":"*"}
[2021-05-16 14:00:58.851] [exthost] [info] ExtensionService#loadCommonJSModule file:///Applications/Visual Studio Code.app/Contents/Resources/app/extensions/debug-auto-launch/dist/extension
[2021-05-16 14:00:58.864] [exthost] [info] ExtensionService#_doActivateExtension vscode.git {"startup":true,"extensionId":{"value":"vscode.github","_lower":"vscode.github"},"activationEvent":"*"}
[2021-05-16 14:00:58.864] [exthost] [info] ExtensionService#loadCommonJSModule file:///Applications/Visual Studio Code.app/Contents/Resources/app/extensions/git/dist/main
[2021-05-16 14:00:58.878] [exthost] [info] ExtensionService#_doActivateExtension christian-kohler.path-intellisense {"startup":true,"extensionId":{"value":"christian-kohler.path-intellisense","_lower":"christian-kohler.path-intellisense"},"activationEvent":"*"}
[2021-05-16 14:00:58.878] [exthost] [info] ExtensionService#loadCommonJSModule file:///Users/np11/.vscode/extensions/christian-kohler.path-intellisense-2.3.0/out/extension.js
[2021-05-16 14:00:58.901] [exthost] [info] ExtensionService#_doActivateExtension CoenraadS.bracket-pair-colorizer-2 {"startup":true,"extensionId":{"value":"CoenraadS.bracket-pair-colorizer-2","_lower":"coenraads.bracket-pair-colorizer-2"},"activationEvent":"*"}
[2021-05-16 14:00:58.901] [exthost] [info] ExtensionService#loadCommonJSModule file:///Users/np11/.vscode/extensions/coenraads.bracket-pair-colorizer-2-0.2.0/out/src/extension
[2021-05-16 14:00:58.929] [exthost] [info] ExtensionService#_doActivateExtension PKief.material-icon-theme {"startup":true,"extensionId":{"value":"PKief.material-icon-theme","_lower":"pkief.material-icon-theme"},"activationEvent":"*"}
[2021-05-16 14:00:58.929] [exthost] [info] ExtensionService#loadCommonJSModule file:///Users/np11/.vscode/extensions/pkief.material-icon-theme-4.6.0/dist/extension
[2021-05-16 14:00:58.936] [exthost] [info] ExtensionService#_doActivateExtension ritwickdey.LiveServer {"startup":true,"extensionId":{"value":"ritwickdey.LiveServer","_lower":"ritwickdey.liveserver"},"activationEvent":"*"}
[2021-05-16 14:00:58.936] [exthost] [info] ExtensionService#loadCommonJSModule file:///Users/np11/.vscode/extensions/ritwickdey.liveserver-5.6.1/out/src/extension
[2021-05-16 14:00:59.500] [exthost] [info] ExtensionService#_doActivateExtension TabNine.tabnine-vscode {"startup":true,"extensionId":{"value":"TabNine.tabnine-vscode","_lower":"tabnine.tabnine-vscode"},"activationEvent":"*"}
[2021-05-16 14:00:59.500] [exthost] [info] ExtensionService#loadCommonJSModule file:///Users/np11/.vscode/extensions/tabnine.tabnine-vscode-3.4.4/out/extension
[2021-05-16 14:00:59.514] [exthost] [info] ExtensionService#_doActivateExtension WallabyJs.quokka-vscode {"startup":true,"extensionId":{"value":"WallabyJs.quokka-vscode","_lower":"wallabyjs.quokka-vscode"},"activationEvent":"*"}
[2021-05-16 14:00:59.514] [exthost] [info] ExtensionService#loadCommonJSModule file:///Users/np11/.vscode/extensions/wallabyjs.quokka-vscode-1.0.366/index
[2021-05-16 14:00:59.737] [exthost] [info] ExtensionService#_doActivateExtension vscode.configuration-editing {"startup":false,"extensionId":{"value":"vscode.configuration-editing","_lower":"vscode.configuration-editing"},"activationEvent":"onLanguage:jsonc"}
[2021-05-16 14:00:59.737] [exthost] [info] ExtensionService#loadCommonJSModule file:///Applications/Visual Studio Code.app/Contents/Resources/app/extensions/configuration-editing/dist/configurationEditingMain
[2021-05-16 14:00:59.741] [exthost] [info] ExtensionService#_doActivateExtension vscode.json-language-features {"startup":false,"extensionId":{"value":"vscode.json-language-features","_lower":"vscode.json-language-features"},"activationEvent":"onLanguage:jsonc"}
[2021-05-16 14:00:59.741] [exthost] [info] ExtensionService#loadCommonJSModule file:///Applications/Visual Studio Code.app/Contents/Resources/app/extensions/json-language-features/client/dist/node/jsonClientMain
[2021-05-16 14:00:59.753] [exthost] [info] ExtensionService#_doActivateExtension vscode.typescript-language-features {"startup":false,"extensionId":{"value":"vscode.typescript-language-features","_lower":"vscode.typescript-language-features"},"activationEvent":"onLanguage:jsonc"}
[2021-05-16 14:00:59.753] [exthost] [info] ExtensionService#loadCommonJSModule file:///Applications/Visual Studio Code.app/Contents/Resources/app/extensions/typescript-language-features/dist/extension
[2021-05-16 14:00:59.772] [exthost] [info] ExtensionService#_doActivateExtension vscode.github {"startup":true,"extensionId":{"value":"vscode.github","_lower":"vscode.github"},"activationEvent":"*"}
[2021-05-16 14:00:59.772] [exthost] [info] ExtensionService#loadCommonJSModule file:///Applications/Visual Studio Code.app/Contents/Resources/app/extensions/github/dist/extension.js
[2021-05-16 14:00:59.818] [exthost] [info] eager extensions activated
[2021-05-16 14:00:59.825] [exthost] [info] ExtensionService#_doActivateExtension ms-vscode.js-debug {"startup":false,"extensionId":{"value":"ms-vscode.js-debug","_lower":"ms-vscode.js-debug"},"activationEvent":"onCommand:extension.js-debug.clearAutoAttachVariables"}
[2021-05-16 14:00:59.825] [exthost] [info] ExtensionService#loadCommonJSModule file:///Applications/Visual Studio Code.app/Contents/Resources/app/extensions/ms-vscode.js-debug/src/extension.js
[2021-05-16 14:00:59.933] [exthost] [info] ExtensionService#_doActivateExtension vscode.emmet {"startup":false,"extensionId":{"value":"vscode.emmet","_lower":"vscode.emmet"},"activationEvent":"onStartupFinished"}
[2021-05-16 14:00:59.933] [exthost] [info] ExtensionService#loadCommonJSModule file:///Applications/Visual Studio Code.app/Contents/Resources/app/extensions/emmet/dist/node/emmetNodeMain
[2021-05-16 14:00:59.939] [exthost] [info] ExtensionService#_doActivateExtension vscode.merge-conflict {"startup":false,"extensionId":{"value":"vscode.merge-conflict","_lower":"vscode.merge-conflict"},"activationEvent":"onStartupFinished"}
[2021-05-16 14:00:59.939] [exthost] [info] ExtensionService#loadCommonJSModule file:///Applications/Visual Studio Code.app/Contents/Resources/app/extensions/merge-conflict/dist/mergeConflictMain
[2021-05-16 14:00:59.941] [exthost] [info] ExtensionService#_doActivateExtension vscode.testing-editor-contributions {"startup":false,"extensionId":{"value":"vscode.testing-editor-contributions","_lower":"vscode.testing-editor-contributions"},"activationEvent":"onStartupFinished"}
[2021-05-16 14:00:59.941] [exthost] [info] ExtensionService#loadCommonJSModule file:///Applications/Visual Studio Code.app/Contents/Resources/app/extensions/testing-editor-contributions/dist/extension.js
[2021-05-16 14:00:59.943] [exthost] [info] ExtensionService#_doActivateExtension dbaeumer.vscode-eslint {"startup":false,"extensionId":{"value":"dbaeumer.vscode-eslint","_lower":"dbaeumer.vscode-eslint"},"activationEvent":"onStartupFinished"}
[2021-05-16 14:00:59.943] [exthost] [info] ExtensionService#loadCommonJSModule file:///Users/np11/.vscode/extensions/dbaeumer.vscode-eslint-2.1.20/client/out/extension
[2021-05-16 14:00:59.950] [exthost] [info] ExtensionService#_doActivateExtension ms-vscode-remote.remote-containers {"startup":false,"extensionId":{"value":"ms-vscode-remote.remote-containers","_lower":"ms-vscode-remote.remote-containers"},"activationEvent":"onStartupFinished"}
[2021-05-16 14:00:59.950] [exthost] [info] ExtensionService#loadCommonJSModule file:///Users/np11/.vscode/extensions/ms-vscode-remote.remote-containers-0.177.2/dist/extension/extension
[2021-05-16 14:00:59.976] [exthost] [info] ExtensionService#_doActivateExtension usernamehw.errorlens {"startup":false,"extensionId":{"value":"usernamehw.errorlens","_lower":"usernamehw.errorlens"},"activationEvent":"onStartupFinished"}
[2021-05-16 14:00:59.976] [exthost] [info] ExtensionService#loadCommonJSModule file:///Users/np11/.vscode/extensions/usernamehw.errorlens-3.2.6/dist/extension
[2021-05-16 14:00:59.997] [exthost] [info] ExtensionService#_doActivateExtension vscode.github-authentication {"startup":false,"extensionId":{"value":"vscode.github-authentication","_lower":"vscode.github-authentication"},"activationEvent":"onAuthenticationRequest:github"}
[2021-05-16 14:00:59.997] [exthost] [info] ExtensionService#loadCommonJSModule file:///Applications/Visual Studio Code.app/Contents/Resources/app/extensions/github-authentication/dist/extension.js
[2021-05-16 14:01:08.791] [exthost] [info] extension host terminating: received terminate message from renderer
[2021-05-16 14:01:09.802] [exthost] [info] exiting with code 0
